<?xml version="1.0" encoding="UTF-8"?>
<!-- Generated by org.testng.reporters.JUnitReportReporter -->
<testsuite hostname="tarunsahu" failures="0" tests="1" name="TEST_ONE" time="0.009" errors="0" timestamp="2024-08-07T23:17:35 IST" skipped="0">
  <testcase classname="TEST_ONE" name="m1" time="0.009"/>
</testsuite> <!-- TEST_ONE -->
