<?xml version="1.0" encoding="UTF-8"?>
<!-- Generated by org.testng.reporters.JUnitReportReporter -->
<testsuite hostname="tarunsahu" failures="0" tests="1" name="Test_base.Experiment" time="0.006" errors="0" timestamp="2024-09-08T16:43:39 IST" skipped="0">
  <testcase classname="Test_base.Experiment" name="m1" time="0.006"/>
</testsuite> <!-- Test_base.Experiment -->
