<?xml version="1.0" encoding="UTF-8"?>
<!-- Generated by org.testng.reporters.JUnitReportReporter -->
<testsuite hostname="tarunsahu" failures="0" tests="1" name="Test_Cases.TC_001" time="3.091" errors="0" timestamp="2024-09-11T22:39:08 IST" skipped="0">
  <testcase classname="Test_Cases.TC_001" name="execute" time="3.091"/>
</testsuite> <!-- Test_Cases.TC_001 -->
